(---------------------------------------------------------------------)
(                                                                     )
(    NC DRILL Log                                                     )
(                                                                     )
(    Drawing          : gsm.brd                                       )
(    Software Version : 23.1P001                                      )
(    Date/Time        : Sat Mar 15 18:56:51 2025                      )
(                                                                     )
(---------------------------------------------------------------------)



 Processing NC Parameters file 'nc_param.txt' ...

 NC PARAMETERS
 -------------

 FORMAT   		3.3
 MACHINE-OFFSET		x:0.00000	y:0.00000   (mm)
 FEEDRATE		1
 COORDINATES		ABSOLUTE
 OUTPUT-UNITS		METRIC
 TOOL-ORDER		INCREASING
 REPEAT-CODES		YES
 SUPPRESS-LEAD-ZEROES	NO
 SUPPRESS-TRAIL-ZEROES	NO
 SUPPRESS-EQUAL		NO
 TOOL-SELECT		YES
 HEADER			none
 LEADER			12
 CODE			ASCII
 SEPARATE		NO
 SEPARATE-ROUTING	NO
 OPTIMIZE_DRILLING	NO
 ENHANCED_EXCELLON	YES
 SCALE			1.000000

 WARNING(SPMHMF-360): Design precision is greater than that of the drill output file data.
 WARNING(SPMHMF-361): Data rounding errors are very possible.
 WARNING(SPMHMF-368): Cannot find NC Drill tool file 'nc_tools.txt'
 WARNING(SPMHMF-369): ... will auto-generate tool file 'nc_tools_auto.txt'.


     Auto-generating tool file 'nc_tools_auto.txt' ...

           Size  Plating  Tool        + Tolerance  - Tolerance

         0.4000  P        T01            0.000000     0.000000
         1.0000  P        T02            0.000000     0.000000
         1.0200  P        T03            0.000000     0.000000
         1.1000  P        T04            0.000000     0.000000
         1.2000  P        T05            0.000000     0.000000
         2.5000  P        T06            0.000000     0.000000
         2.6000  P        T07            0.000000     0.000000
         3.0000  P        T08            0.000000     0.000000
         4.0000  P        T09            0.000000     0.000000
         1.0000  N        T10            0.000000     0.000000
         3.0000  N        T11            0.000000     0.000000


 Drill files being output to directory 'D:/Apsis Solution/Automated_Caller/Footprint' ...



     'gsm-bl-1-2.drl' created for holes connecting 1 and 2
     -----------------------------------------------------

     Tool  Num     Size      +/- Tolerance     Plating   Quantity

     T01    1.   0.4000    0.0000/  0.0000      PLATED          3
     T02    2.   1.0000    0.0000/  0.0000      PLATED         16
     T03    3.   1.0200    0.0000/  0.0000      PLATED          1
     T04    4.   1.1000    0.0000/  0.0000      PLATED         29
     T05    5.   1.2000    0.0000/  0.0000      PLATED         58
     T06    6.   2.5000    0.0000/  0.0000      PLATED          5
     T07    7.   2.6000    0.0000/  0.0000      PLATED          2
     T08    8.   3.0000    0.0000/  0.0000      PLATED          3
     T09    9.   4.0000    0.0000/  0.0000      PLATED          2
     T10   10.   1.0000    0.0000/  0.0000  NON_PLATED          2
     T11   11.   3.0000    0.0000/  0.0000  NON_PLATED          4

     ---- Total holes:                                        125

     ---- Total head travel:              5.91 feet (1.80 meters)

