(---------------------------------------------------------------------)
(                                                                     )
(    Allegro Netrev Import Logic                                      )
(                                                                     )
(    Drawing          : gsm.brd                                       )
(    Software Version : 23.1P001                                      )
(    Date/Time        : Sat Mar 15 13:06:32 2025                      )
(                                                                     )
(---------------------------------------------------------------------)


------ Directives ------------

Ripup etch:                  Yes
Ripup delete first segment:  No
Ripup retain bondwire:       No
Ripup symbols:               Always
Missing symbol has error:    No
DRC update:                  Yes
Schematic directory:         'D:/Apsis Solution/Automated_Caller/Footprint'
Design Directory:            'D:/Apsis Solution/Automated_Caller/Footprint'
Old design name:             'D:/Apsis Solution/Automated_Caller/Footprint/gsm.brd'
New design name:             'D:/Apsis Solution/Automated_Caller/Footprint/gsm.brd'

CmdLine: netrev -$ -i D:/Apsis Solution/Automated_Caller/Footprint -x -u -t -y 1 -h -z -q netrev_constraint_report.xml D:/Apsis Solution/Automated_Caller/Footprint/#Taaaaav01356.tmp

------ Preparing to read pst files ------

Starting to read D:/Apsis Solution/Automated_Caller/Footprint/pstchip.dat 
   Finished reading D:/Apsis Solution/Automated_Caller/Footprint/pstchip.dat (00:00:00.01)
Starting to read D:/Apsis Solution/Automated_Caller/Footprint/pstxprt.dat 
   Finished reading D:/Apsis Solution/Automated_Caller/Footprint/pstxprt.dat (00:00:00.00)
Starting to read D:/Apsis Solution/Automated_Caller/Footprint/pstxnet.dat 
   Finished reading D:/Apsis Solution/Automated_Caller/Footprint/pstxnet.dat (00:00:00.00)

------ Oversights/Warnings/Errors ------


------ Library Paths ------
MODULEPATH =   

PSMPATH =  D:/Apsis Solution/Automated_Caller/Footprint 

PADPATH =  D:/Apsis Solution/Automated_Caller/Footprint 


------ Summary Statistics ------


netrev run on Mar 15 13:06:32 2025
   DESIGN NAME : 'AUTOMATED_CALLER'
   PACKAGING ON Sep 29 2023 23:54:04

   COMPILE 'logic'
   CHECK_PIN_NAMES OFF
   CROSS_REFERENCE OFF
   FEEDBACK OFF
   INCREMENTAL OFF
   INTERFACE_TYPE PHYSICAL
   MAX_ERRORS 500
   MERGE_MINIMUM 5
   NET_NAME_CHARS '#%&()*+-./:=>?@[]^_`|'
   NET_NAME_LENGTH 24
   OVERSIGHTS ON
   REPLACE_CHECK OFF
   SINGLE_NODE_NETS ON
   SPLIT_MINIMUM 0
   SUPPRESS   20
   WARNINGS ON

 No error detected
 No oversight detected
 No warning detected

cpu time      0:00:14
elapsed time  0:00:00

